#
# There is insufficient memory for the Java Runtime Environment to continue.
# Native memory allocation (malloc) failed to allocate 1048576 bytes for AllocateHeap
# Possible reasons:
#   The system is out of physical RAM or swap space
#   The process is running with CompressedOops enabled, and the Java Heap may be blocking the growth of the native heap
# Possible solutions:
#   Reduce memory load on the system
#   Increase physical memory or swap space
#   Check if swap backing store is full
#   Decrease Java heap size (-Xmx/-Xms)
#   Decrease number of Java threads
#   Decrease Java thread stack sizes (-Xss)
#   Set larger code cache with -XX:ReservedCodeCacheSize=
#   JVM is running with Zero Based Compressed Oops mode in which the Java heap is
#     placed in the first 32GB address space. The Java Heap base address is the
#     maximum limit for the native heap growth. Please use -XX:HeapBaseMinAddress
#     to set the Java Heap base and to place the Java Heap above 32GB virtual address.
# This output file may be truncated or incomplete.
#
#  Out of Memory Error (memory/allocation.inline.hpp:61), pid=13824, tid=0x0000000000003398
#
# JRE version:  (8.0_242-b01) (build )
# Java VM: OpenJDK 64-Bit Server VM (25.242-b01 mixed mode windows-amd64 compressed oops)
# Failed to write core dump. Minidumps are not enabled by default on client versions of Windows
#

---------------  T H R E A D  ---------------

Current thread (0x0000000002d42800):  JavaThread "Unknown thread" [_thread_in_vm, id=13208, stack(0x0000000002c40000,0x0000000002d40000)]

Stack: [0x0000000002c40000,0x0000000002d40000]
[error occurred during error reporting (printing stack bounds), id 0xc0000005]

Native frames: (J=compiled Java code, j=interpreted, Vv=VM code, C=native code)


---------------  P R O C E S S  ---------------

Java Threads: ( => current thread )

Other Threads:

=>0x0000000002d42800 (exited) JavaThread "Unknown thread" [_thread_in_vm, id=13208, stack(0x0000000002c40000,0x0000000002d40000)]

VM state:not at safepoint (normal execution)

VM Mutex/Monitor currently owned by a thread: None

heap address: 0x0000000703200000, size: 3022 MB, Compressed Oops mode: Zero based, Oop shift amount: 3
Narrow klass base: 0x0000000000000000, Narrow klass shift: 3
Compressed class space size: 1073741824 Address: 0x00000007c0000000

Heap:
 PSYoungGen      total 56832K, used 983K [0x0000000781100000, 0x0000000785000000, 0x00000007c0000000)
  eden space 49152K, 2% used [0x0000000781100000,0x00000007811f5c38,0x0000000784100000)
  from space 7680K, 0% used [0x0000000784880000,0x0000000784880000,0x0000000785000000)
  to   space 7680K, 0% used [0x0000000784100000,0x0000000784100000,0x0000000784880000)
 ParOldGen       total 130048K, used 0K [0x0000000703200000, 0x000000070b100000, 0x0000000781100000)
  object space 130048K, 0% used [0x0000000703200000,0x0000000703200000,0x000000070b100000)
 Metaspace       used 779K, capacity 4480K, committed 4480K, reserved 1056768K
  class space    used 74K, capacity 384K, committed 384K, reserved 1048576K

Card table byte_map: [0x0000000012200000,0x00000000127f0000] byte_map_base: 0x000000000e9e7000

Marking Bits: (ParMarkBitMap*) 0x000000005bf4f030
 Begin Bits: [0x0000000012fe0000, 0x0000000015f18000)
 End Bits:   [0x0000000015f18000, 0x0000000018e50000)

Polling page: 0x0000000001220000

CodeCache: size=245760Kb used=328Kb max_used=328Kb free=245431Kb
 bounds [0x0000000002e40000, 0x00000000030b0000, 0x0000000011e40000]
 total_blobs=57 nmethods=0 adapters=38
 compilation: enabled

Compilation events (0 events):
No events

GC Heap History (0 events):
No events

Deoptimization events (0 events):
No events

Classes redefined (0 events):
No events

Internal exceptions (0 events):
No events

Events (10 events):
Event: 0.043 loading class java/lang/Short
Event: 0.043 loading class java/lang/Short done
Event: 0.043 loading class java/lang/Integer
Event: 0.043 loading class java/lang/Integer done
Event: 0.043 loading class java/lang/Long
Event: 0.044 loading class java/lang/Long done
Event: 0.045 loading class java/lang/NullPointerException
Event: 0.045 loading class java/lang/NullPointerException done
Event: 0.045 loading class java/lang/ArithmeticException
Event: 0.045 loading class java/lang/ArithmeticException done


Dynamic libraries:
0x00007ff70ba10000 - 0x00007ff70ba41000 	C:\Program Files\Android\Android Studio\jre\bin\java.EXE
0x00007ff83a1a0000 - 0x00007ff83a390000 	C:\Windows\SYSTEM32\ntdll.dll
0x00007ff838b50000 - 0x00007ff838c02000 	C:\Windows\System32\KERNEL32.DLL
0x00007ff837400000 - 0x00007ff8376a5000 	C:\Windows\System32\KERNELBASE.dll
0x00007ff838aa0000 - 0x00007ff838b43000 	C:\Windows\System32\ADVAPI32.dll
0x00007ff839f50000 - 0x00007ff839fee000 	C:\Windows\System32\msvcrt.dll
0x00007ff839eb0000 - 0x00007ff839f47000 	C:\Windows\System32\sechost.dll
0x00007ff838400000 - 0x00007ff838520000 	C:\Windows\System32\RPCRT4.dll
0x00007ff838680000 - 0x00007ff838814000 	C:\Windows\System32\USER32.dll
0x00007ff8372d0000 - 0x00007ff8372f1000 	C:\Windows\System32\win32u.dll
0x00007ff838250000 - 0x00007ff838276000 	C:\Windows\System32\GDI32.dll
0x00007ff8378b0000 - 0x00007ff837a46000 	C:\Windows\System32\gdi32full.dll
0x00007ff837780000 - 0x00007ff83781e000 	C:\Windows\System32\msvcp_win.dll
0x00007ff837300000 - 0x00007ff8373fa000 	C:\Windows\System32\ucrtbase.dll
0x00007ff8274c0000 - 0x00007ff827744000 	C:\Windows\WinSxS\amd64_microsoft.windows.common-controls_6595b64144ccf1df_6.0.18362.1139_none_9e7bf2d3e4605ac6\COMCTL32.dll
0x00007ff838c10000 - 0x00007ff838f45000 	C:\Windows\System32\combase.dll
0x00007ff8381d0000 - 0x00007ff838250000 	C:\Windows\System32\bcryptPrimitives.dll
0x00007ff8383d0000 - 0x00007ff8383fe000 	C:\Windows\System32\IMM32.DLL
0x000000005bfd0000 - 0x000000005c0a2000 	C:\Program Files\Android\Android Studio\jre\jre\bin\msvcr100.dll
0x000000005b780000 - 0x000000005bfcb000 	C:\Program Files\Android\Android Studio\jre\jre\bin\server\jvm.dll
0x00007ff83a0a0000 - 0x00007ff83a0a8000 	C:\Windows\System32\PSAPI.DLL
0x00007ff8166e0000 - 0x00007ff8166e9000 	C:\Windows\SYSTEM32\WSOCK32.dll
0x00007ff838a30000 - 0x00007ff838a9f000 	C:\Windows\System32\WS2_32.dll
0x00007ff834760000 - 0x00007ff834784000 	C:\Windows\SYSTEM32\WINMM.dll
0x00007ff834730000 - 0x00007ff83475d000 	C:\Windows\SYSTEM32\winmmbase.dll
0x00007ff82bf50000 - 0x00007ff82bf5a000 	C:\Windows\SYSTEM32\VERSION.dll
0x00007ff837130000 - 0x00007ff83717a000 	C:\Windows\System32\cfgmgr32.dll
0x00007ff816120000 - 0x00007ff81612f000 	C:\Program Files\Android\Android Studio\jre\jre\bin\verify.dll
0x00007ff814020000 - 0x00007ff814049000 	C:\Program Files\Android\Android Studio\jre\jre\bin\java.dll
0x00007ff814ee0000 - 0x00007ff814ef6000 	C:\Program Files\Android\Android Studio\jre\jre\bin\zip.dll

VM Arguments:
java_command: <unknown>
java_class_path (initial): .
Launcher Type: SUN_STANDARD

Environment Variables:
PATH=C:\Program Files (x86)\Common Files\Intel\Shared Libraries\redist\intel64\compiler;C:\Users\Administrator\AppData\Local\Programs\Julia\Julia-1.4.1\bin;F:\skd_file\src\flutter\bin;C:\Users\Administrator\AppData\Roaming\Adobe\Adobe Photoshop 2020\Adobe Photoshop 2020;C:\Users\Administrator\AppData\Roaming\Adobe\Save for Web;C:\Users;C:\src\flutter\bin;C:\Program Files\Java\jdk1.8.0_201\bin;C:\Program Files\Java\jre1.8.0_241\bin;C:\Program Files (x86)\Common Files\Oracle\Java\javapath;C:\Windows\system32;C:\Windows;C:\Windows\System32\Wbem;C:\Windows\System32\WindowsPowerShell\v1.0\;C:\Windows\System32\OpenSSH\;C:\Program Files\Dart\dart-sdk\bin;C:\Program Files\Git\cmd;C:\Program Files (x86)\Microsoft SQL Server\150\DTS\Binn\;C:\Program Files\Microsoft SQL Server\Client SDK\ODBC\170\Tools\Binn\;C:\Program Files (x86)\Microsoft SQL Server\150\Tools\Binn\;C:\Program Files\Microsoft SQL Server\150\Tools\Binn\;C:\Program Files\Microsoft SQL Server\150\DTS\Binn\;C:\Users\Administrator\AppData\Local\Programs\Python\Python38-32\Scripts\;C:\Users\Administrator\AppData\Local\Programs\Python\Python38-32\;C:\Users\Administrator\AppData\Local\Microsoft\WindowsApps;;C:\Program Files\JetBrains\PyCharm Community Edition 2019.1.2\bin;;C:\Program Files\JetBrains\IntelliJ IDEA Community Edition 2019.3.4\bin;;C:\Users\Administrator\AppData\Local\Programs\Microsoft VS Code\bin;F:\skd_file\src\flutter\bin\mingit\cmd
USERNAME=Wilhit
OS=Windows_NT
PROCESSOR_IDENTIFIER=Intel64 Family 6 Model 61 Stepping 4, GenuineIntel



---------------  S Y S T E M  ---------------

OS: Windows 10.0 , 64 bit Build 18362 (10.0.18362.1110)

CPU:total 4 (initial active 4) (2 cores per cpu, 2 threads per core) family 6 model 61 stepping 4, cmov, cx8, fxsr, mmx, sse, sse2, sse3, ssse3, sse4.1, sse4.2, popcnt, avx, avx2, aes, clmul, erms, 3dnowpref, lzcnt, ht, tsc, tscinvbit, bmi1, bmi2, adx

Memory: 4k page, physical 12373080k(2290320k free), swap 17493080k(152212k free)

vm_info: OpenJDK 64-Bit Server VM (25.242-b01) for windows-amd64 JRE (1.8.0_242-release-1644-b01), built by "builder" with MS VC++ 10.0 (VS2010)

time: Sat Oct 31 16:51:25 2020
timezone: Namibia Standard Time
elapsed time: 0 seconds (0d 0h 0m 0s)

