#
# There is insufficient memory for the Java Runtime Environment to continue.
# Native memory allocation (malloc) failed to allocate 219056 bytes for Chunk::new
# Possible reasons:
#   The system is out of physical RAM or swap space
#   The process is running with CompressedOops enabled, and the Java Heap may be blocking the growth of the native heap
# Possible solutions:
#   Reduce memory load on the system
#   Increase physical memory or swap space
#   Check if swap backing store is full
#   Decrease Java heap size (-Xmx/-Xms)
#   Decrease number of Java threads
#   Decrease Java thread stack sizes (-Xss)
#   Set larger code cache with -XX:ReservedCodeCacheSize=
#   JVM is running with Zero Based Compressed Oops mode in which the Java heap is
#     placed in the first 32GB address space. The Java Heap base address is the
#     maximum limit for the native heap growth. Please use -XX:HeapBaseMinAddress
#     to set the Java Heap base and to place the Java Heap above 32GB virtual address.
# This output file may be truncated or incomplete.
#
#  Out of Memory Error (allocation.cpp:389), pid=2300, tid=0x00000000000037c0
#
# JRE version: OpenJDK Runtime Environment (8.0_242-b01) (build 1.8.0_242-release-1644-b01)
# Java VM: OpenJDK 64-Bit Server VM (25.242-b01 mixed mode windows-amd64 compressed oops)
# Failed to write core dump. Minidumps are not enabled by default on client versions of Windows
#

---------------  T H R E A D  ---------------

Current thread (0x000000001975e000):  JavaThread "C2 CompilerThread1" daemon [_thread_in_native, id=14272, stack(0x000000001aea0000,0x000000001afa0000)]

Stack: [0x000000001aea0000,0x000000001afa0000]
[error occurred during error reporting (printing stack bounds), id 0xc0000005]

Native frames: (J=compiled Java code, j=interpreted, Vv=VM code, C=native code)


Current CompileTask:
C2:   1037  395  s!   4       sun.misc.URLClassPath::getLoader (243 bytes)


---------------  P R O C E S S  ---------------

Java Threads: ( => current thread )
  0x000000001b0b0800 JavaThread "Service Thread" daemon [_thread_blocked, id=3088, stack(0x000000001b4a0000,0x000000001b5a0000)]
  0x0000000019766000 JavaThread "C1 CompilerThread2" daemon [_thread_blocked, id=13272, stack(0x000000001afa0000,0x000000001b0a0000)]
=>0x000000001975e000 JavaThread "C2 CompilerThread1" daemon [_thread_in_native, id=14272, stack(0x000000001aea0000,0x000000001afa0000)]
  0x000000001975b800 JavaThread "C2 CompilerThread0" daemon [_thread_in_native, id=4224, stack(0x000000001ada0000,0x000000001aea0000)]
  0x0000000019759800 JavaThread "Attach Listener" daemon [_thread_blocked, id=9456, stack(0x000000001aca0000,0x000000001ada0000)]
  0x0000000019758000 JavaThread "Signal Dispatcher" daemon [_thread_blocked, id=16264, stack(0x000000001aba0000,0x000000001aca0000)]
  0x00000000027a9000 JavaThread "Finalizer" daemon [_thread_blocked, id=2128, stack(0x000000001a9a0000,0x000000001aaa0000)]
  0x0000000019739800 JavaThread "Reference Handler" daemon [_thread_blocked, id=14020, stack(0x000000001a8a0000,0x000000001a9a0000)]
  0x00000000026b3000 JavaThread "main" [_thread_in_vm, id=10900, stack(0x00000000025b0000,0x00000000026b0000)]

Other Threads:
  0x0000000019716800 VMThread [stack: 0x000000001a7a0000,0x000000001a8a0000] [id=2176]
  0x000000001b0b1000 WatcherThread [stack: 0x000000001b5a0000,0x000000001b6a0000] [id=6264]

VM state:not at safepoint (normal execution)

VM Mutex/Monitor currently owned by a thread: None

heap address: 0x0000000703200000, size: 3022 MB, Compressed Oops mode: Zero based, Oop shift amount: 3
Narrow klass base: 0x0000000000000000, Narrow klass shift: 3
Compressed class space size: 1073741824 Address: 0x00000007c0000000

Heap:
 PSYoungGen      total 56832K, used 16722K [0x0000000781100000, 0x0000000785000000, 0x00000007c0000000)
  eden space 49152K, 34% used [0x0000000781100000,0x0000000782154a40,0x0000000784100000)
  from space 7680K, 0% used [0x0000000784880000,0x0000000784880000,0x0000000785000000)
  to   space 7680K, 0% used [0x0000000784100000,0x0000000784100000,0x0000000784880000)
 ParOldGen       total 130048K, used 0K [0x0000000703200000, 0x000000070b100000, 0x0000000781100000)
  object space 130048K, 0% used [0x0000000703200000,0x0000000703200000,0x000000070b100000)
 Metaspace       used 5551K, capacity 5728K, committed 5888K, reserved 1056768K
  class space    used 662K, capacity 736K, committed 768K, reserved 1048576K

Card table byte_map: [0x0000000011b70000,0x0000000012160000] byte_map_base: 0x000000000e357000

Marking Bits: (ParMarkBitMap*) 0x000000005bf4f030
 Begin Bits: [0x0000000012950000, 0x0000000015888000)
 End Bits:   [0x0000000015888000, 0x00000000187c0000)

Polling page: 0x0000000000bf0000

CodeCache: size=245760Kb used=2042Kb max_used=2059Kb free=243717Kb
 bounds [0x00000000027b0000, 0x0000000002a20000, 0x00000000117b0000]
 total_blobs=675 nmethods=398 adapters=191
 compilation: enabled

Compilation events (10 events):
Event: 0.969 Thread 0x0000000019766000  396   !   3       java.net.URLClassLoader$1::run (63 bytes)
Event: 0.970 Thread 0x0000000019766000 nmethod 396 0x00000000029a9f50 code [0x00000000029aa120, 0x00000000029aa648]
Event: 0.974 Thread 0x0000000019766000  397   !   3       sun.reflect.generics.parser.SignatureParser::current (40 bytes)
Event: 0.974 Thread 0x0000000019766000 nmethod 397 0x00000000029aa910 code [0x00000000029aaa80, 0x00000000029aac50]
Event: 0.975 Thread 0x0000000019766000  398       3       java.util.BitSet::get (69 bytes)
Event: 0.976 Thread 0x0000000019766000 nmethod 398 0x00000000029aad90 code [0x00000000029aaf80, 0x00000000029ab948]
Event: 1.011 Thread 0x0000000019766000  401       3       java.lang.Throwable::<init> (39 bytes)
Event: 1.012 Thread 0x0000000019766000 nmethod 401 0x00000000029abdd0 code [0x00000000029abf60, 0x00000000029ac528]
Event: 1.015 Thread 0x000000001975b800 nmethod 394 0x00000000029b0b10 code [0x00000000029b0d80, 0x00000000029b25d0]
Event: 1.015 Thread 0x000000001975b800  399   !   4       sun.misc.URLClassPath$JarLoader::getResource (85 bytes)

GC Heap History (0 events):
No events

Deoptimization events (0 events):
No events

Classes redefined (0 events):
No events

Internal exceptions (10 events):
Event: 0.078 Thread 0x00000000026b3000 Exception <a 'java/lang/NoSuchMethodError': Method sun.misc.Unsafe.prefetchRead(Ljava/lang/Object;J)V name or signature does not match> (0x0000000781107fb0) thrown at [C:\src\AOSP-openjdk-git\hotspot\src\share\vm\prims\jni.cpp, line 4013]
Event: 0.268 Thread 0x00000000026b3000 Exception <a 'java/security/PrivilegedActionException'> (0x0000000781314ad8) thrown at [C:\src\AOSP-openjdk-git\hotspot\src\share\vm\prims\jvm.cpp, line 1502]
Event: 0.268 Thread 0x00000000026b3000 Exception <a 'java/security/PrivilegedActionException'> (0x0000000781314ce8) thrown at [C:\src\AOSP-openjdk-git\hotspot\src\share\vm\prims\jvm.cpp, line 1502]
Event: 0.271 Thread 0x00000000026b3000 Exception <a 'java/security/PrivilegedActionException'> (0x00000007813188f0) thrown at [C:\src\AOSP-openjdk-git\hotspot\src\share\vm\prims\jvm.cpp, line 1502]
Event: 0.271 Thread 0x00000000026b3000 Exception <a 'java/security/PrivilegedActionException'> (0x0000000781318b00) thrown at [C:\src\AOSP-openjdk-git\hotspot\src\share\vm\prims\jvm.cpp, line 1502]
Event: 0.271 Thread 0x00000000026b3000 Exception <a 'java/security/PrivilegedActionException'> (0x000000078131a038) thrown at [C:\src\AOSP-openjdk-git\hotspot\src\share\vm\prims\jvm.cpp, line 1502]
Event: 0.271 Thread 0x00000000026b3000 Exception <a 'java/security/PrivilegedActionException'> (0x000000078131a248) thrown at [C:\src\AOSP-openjdk-git\hotspot\src\share\vm\prims\jvm.cpp, line 1502]
Event: 0.972 Thread 0x00000000026b3000 Exception <a 'java/lang/ArrayIndexOutOfBoundsException': 100> (0x0000000781f2c5c8) thrown at [C:\src\AOSP-openjdk-git\hotspot\src\share\vm\interpreter\interpreterRuntime.cpp, line 368]
Event: 0.974 Thread 0x00000000026b3000 Exception <a 'java/lang/ArrayIndexOutOfBoundsException': 18> (0x0000000781f2d500) thrown at [C:\src\AOSP-openjdk-git\hotspot\src\share\vm\interpreter\interpreterRuntime.cpp, line 368]
Event: 0.974 Thread 0x00000000026b3000 Exception <a 'java/lang/ArrayIndexOutOfBoundsException': 40> (0x0000000781f2e130) thrown at [C:\src\AOSP-openjdk-git\hotspot\src\share\vm\interpreter\interpreterRuntime.cpp, line 368]

Events (10 events):
Event: 1.009 loading class org/gradle/internal/logging/DefaultLoggingConfiguration
Event: 1.009 loading class org/gradle/internal/logging/DefaultLoggingConfiguration done
Event: 1.009 loading class org/gradle/api/logging/configuration/ShowStacktrace
Event: 1.009 loading class org/gradle/api/logging/configuration/ShowStacktrace done
Event: 1.010 loading class org/gradle/api/logging/configuration/ConsoleOutput
Event: 1.010 loading class org/gradle/api/logging/configuration/ConsoleOutput done
Event: 1.010 loading class org/gradle/api/logging/configuration/WarningMode
Event: 1.010 loading class org/gradle/api/logging/configuration/WarningMode done
Event: 1.011 loading class org/gradle/launcher/cli/DefaultCommandLineActionFactory$WithLogging
Event: 1.011 loading class org/gradle/launcher/cli/DefaultCommandLineActionFactory$WithLogging done


Dynamic libraries:
0x00007ff70ba10000 - 0x00007ff70ba41000 	C:\Program Files\Android\Android Studio\jre\bin\java.exe
0x00007ff83a1a0000 - 0x00007ff83a390000 	C:\Windows\SYSTEM32\ntdll.dll
0x00007ff838b50000 - 0x00007ff838c02000 	C:\Windows\System32\KERNEL32.DLL
0x00007ff837400000 - 0x00007ff8376a5000 	C:\Windows\System32\KERNELBASE.dll
0x00007ff838aa0000 - 0x00007ff838b43000 	C:\Windows\System32\ADVAPI32.dll
0x00007ff839f50000 - 0x00007ff839fee000 	C:\Windows\System32\msvcrt.dll
0x00007ff839eb0000 - 0x00007ff839f47000 	C:\Windows\System32\sechost.dll
0x00007ff838400000 - 0x00007ff838520000 	C:\Windows\System32\RPCRT4.dll
0x00007ff838680000 - 0x00007ff838814000 	C:\Windows\System32\USER32.dll
0x00007ff8372d0000 - 0x00007ff8372f1000 	C:\Windows\System32\win32u.dll
0x00007ff838250000 - 0x00007ff838276000 	C:\Windows\System32\GDI32.dll
0x00007ff8378b0000 - 0x00007ff837a46000 	C:\Windows\System32\gdi32full.dll
0x00007ff837780000 - 0x00007ff83781e000 	C:\Windows\System32\msvcp_win.dll
0x00007ff837300000 - 0x00007ff8373fa000 	C:\Windows\System32\ucrtbase.dll
0x00007ff8274c0000 - 0x00007ff827744000 	C:\Windows\WinSxS\amd64_microsoft.windows.common-controls_6595b64144ccf1df_6.0.18362.1139_none_9e7bf2d3e4605ac6\COMCTL32.dll
0x00007ff838c10000 - 0x00007ff838f45000 	C:\Windows\System32\combase.dll
0x00007ff8381d0000 - 0x00007ff838250000 	C:\Windows\System32\bcryptPrimitives.dll
0x00007ff8383d0000 - 0x00007ff8383fe000 	C:\Windows\System32\IMM32.DLL
0x000000005bfd0000 - 0x000000005c0a2000 	C:\Program Files\Android\Android Studio\jre\jre\bin\msvcr100.dll
0x000000005b780000 - 0x000000005bfcb000 	C:\Program Files\Android\Android Studio\jre\jre\bin\server\jvm.dll
0x00007ff83a0a0000 - 0x00007ff83a0a8000 	C:\Windows\System32\PSAPI.DLL
0x00007ff8166e0000 - 0x00007ff8166e9000 	C:\Windows\SYSTEM32\WSOCK32.dll
0x00007ff838a30000 - 0x00007ff838a9f000 	C:\Windows\System32\WS2_32.dll
0x00007ff834760000 - 0x00007ff834784000 	C:\Windows\SYSTEM32\WINMM.dll
0x00007ff82bf50000 - 0x00007ff82bf5a000 	C:\Windows\SYSTEM32\VERSION.dll
0x00007ff834730000 - 0x00007ff83475d000 	C:\Windows\SYSTEM32\winmmbase.dll
0x00007ff837130000 - 0x00007ff83717a000 	C:\Windows\System32\cfgmgr32.dll
0x00007ff816120000 - 0x00007ff81612f000 	C:\Program Files\Android\Android Studio\jre\jre\bin\verify.dll
0x00007ff814020000 - 0x00007ff814049000 	C:\Program Files\Android\Android Studio\jre\jre\bin\java.dll
0x00007ff814ee0000 - 0x00007ff814ef6000 	C:\Program Files\Android\Android Studio\jre\jre\bin\zip.dll
0x00007ff8395a0000 - 0x00007ff839c87000 	C:\Windows\System32\SHELL32.dll
0x00007ff83a0b0000 - 0x00007ff83a159000 	C:\Windows\System32\shcore.dll
0x00007ff837a50000 - 0x00007ff8381d0000 	C:\Windows\System32\windows.storage.dll
0x00007ff837100000 - 0x00007ff837123000 	C:\Windows\System32\profapi.dll
0x00007ff837090000 - 0x00007ff8370da000 	C:\Windows\System32\powrprof.dll
0x00007ff837060000 - 0x00007ff837070000 	C:\Windows\System32\UMPDC.dll
0x00007ff838890000 - 0x00007ff8388e2000 	C:\Windows\System32\shlwapi.dll
0x00007ff8370e0000 - 0x00007ff8370f1000 	C:\Windows\System32\kernel.appcore.dll
0x00007ff8376b0000 - 0x00007ff8376c7000 	C:\Windows\System32\cryptsp.dll
0x00007ff814120000 - 0x00007ff81413a000 	C:\Program Files\Android\Android Studio\jre\jre\bin\net.dll
0x00007ff8368b0000 - 0x00007ff836917000 	C:\Windows\system32\mswsock.dll
0x00007ff814000000 - 0x00007ff814013000 	C:\Program Files\Android\Android Studio\jre\jre\bin\nio.dll

VM Arguments:
jvm_args: -Dorg.gradle.appname=gradlew 
java_command: org.gradle.wrapper.GradleWrapperMain -q -Ptarget-platform=android-x86 -Ptarget=C:\Users\Administrator\Desktop\#100DaysOfCode\codelab03\wilhit_friendly_chat\lib\main.dart -Ptrack-widget-creation=true -Pfilesystem-scheme=org-dartlang-root assembleDebug
java_class_path (initial): C:\Users\Administrator\Desktop\#100DaysOfCode\codelab03\wilhit_friendly_chat\android\\gradle\wrapper\gradle-wrapper.jar
Launcher Type: SUN_STANDARD

Environment Variables:
JAVA_HOME=C:\Program Files\Android\Android Studio\jre
CLASSPATH=C:\Users\Administrator\Desktop\#100DaysOfCode\codelab03\wilhit_friendly_chat\android\\gradle\wrapper\gradle-wrapper.jar
PATH=C:\Program Files (x86)\Common Files\Intel\Shared Libraries\redist\intel64\compiler;C:\Users\Administrator\AppData\Local\Programs\Julia\Julia-1.4.1\bin;F:\skd_file\src\flutter\bin;C:\Users\Administrator\AppData\Roaming\Adobe\Adobe Photoshop 2020\Adobe Photoshop 2020;C:\Users\Administrator\AppData\Roaming\Adobe\Save for Web;C:\Users;C:\src\flutter\bin;C:\Program Files\Java\jdk1.8.0_201\bin;C:\Program Files\Java\jre1.8.0_241\bin;C:\Program Files (x86)\Common Files\Oracle\Java\javapath;C:\Windows\system32;C:\Windows;C:\Windows\System32\Wbem;C:\Windows\System32\WindowsPowerShell\v1.0\;C:\Windows\System32\OpenSSH\;C:\Program Files\Dart\dart-sdk\bin;C:\Program Files\Git\cmd;C:\Program Files (x86)\Microsoft SQL Server\150\DTS\Binn\;C:\Program Files\Microsoft SQL Server\Client SDK\ODBC\170\Tools\Binn\;C:\Program Files (x86)\Microsoft SQL Server\150\Tools\Binn\;C:\Program Files\Microsoft SQL Server\150\Tools\Binn\;C:\Program Files\Microsoft SQL Server\150\DTS\Binn\;C:\Users\Administrator\AppData\Local\Programs\Python\Python38-32\Scripts\;C:\Users\Administrator\AppData\Local\Programs\Python\Python38-32\;C:\Users\Administrator\AppData\Local\Microsoft\WindowsApps;;C:\Program Files\JetBrains\PyCharm Community Edition 2019.1.2\bin;;C:\Program Files\JetBrains\IntelliJ IDEA Community Edition 2019.3.4\bin;;C:\Users\Administrator\AppData\Local\Programs\Microsoft VS Code\bin;F:\skd_file\src\flutter\bin\mingit\cmd
USERNAME=Wilhit
OS=Windows_NT
PROCESSOR_IDENTIFIER=Intel64 Family 6 Model 61 Stepping 4, GenuineIntel



---------------  S Y S T E M  ---------------

OS: Windows 10.0 , 64 bit Build 18362 (10.0.18362.1110)

CPU:total 4 (initial active 4) (2 cores per cpu, 2 threads per core) family 6 model 61 stepping 4, cmov, cx8, fxsr, mmx, sse, sse2, sse3, ssse3, sse4.1, sse4.2, popcnt, avx, avx2, aes, clmul, erms, 3dnowpref, lzcnt, ht, tsc, tscinvbit, bmi1, bmi2, adx

Memory: 4k page, physical 12373080k(1280520k free), swap 17493080k(5284k free)

vm_info: OpenJDK 64-Bit Server VM (25.242-b01) for windows-amd64 JRE (1.8.0_242-release-1644-b01), built by "builder" with MS VC++ 10.0 (VS2010)

time: Sat Oct 31 16:29:53 2020
timezone: Namibia Standard Time
elapsed time: 1 seconds (0d 0h 0m 1s)

